Closed https://www.youtube.com/ on Monday, October 17, 2022 at 11:05:17 PM
Closed https://www.youtube.com/ on Monday, October 17, 2022 at 11:51:59 PM
Closed https://www.youtube.com/ on Monday, October 17, 2022 at 11:56:27 PM
Closed https://www.youtube.com/ on Tuesday, October 18, 2022 at 12:02:56 AM
Closed https://www.youtube.com/ on Tuesday, October 18, 2022 at 12:26:47 AM
Closed https://www.youtube.com/ on Tuesday, October 18, 2022 at 12:42:13 AM
Closed https://www.youtube.com/ on Tuesday, October 18, 2022 at 1:01:16 AM
Closed https://www.youtube.com/ on Tuesday, October 18, 2022 at 1:40:15 AM
Closed https://www.youtube.com/ on Tuesday, October 18, 2022 at 1:53:20 AM
Closed https://www.youtube.com/watch?v=d9MLKmfmR30 on Tuesday, October 18, 2022 at 11:53:42 AM
Closed https://www.youtube.com/watch?v=d9MLKmfmR30 on Tuesday, October 18, 2022 at 11:54:42 AM
Closed https://www.youtube.com/watch?v=bP0mNG53bVw on Tuesday, October 18, 2022 at 11:58:44 AM
Closed https://www.solitr.com/spider-solitaire-two-suits on Tuesday, October 18, 2022 at 4:53:36 PM
Closed https://www.google.com/search?q=snake&oq=snake&aqs=chrome..69i57j0i271l3.1328j0j1&sourceid=chrome&ie=UTF-8 on Tuesday, October 18, 2022 at 4:56:37 PM
Closed https://www.solitr.com/ on Tuesday, October 18, 2022 at 6:59:25 PM
Closed https://www.solitr.com/spider-solitaire-two-suits on Tuesday, October 18, 2022 at 9:33:55 PM
Closed https://www.solitr.com/spider-solitaire-two-suits on Wednesday, October 19, 2022 at 12:06:25 AM
Closed https://www.solitr.com/spider-solitaire-two-suits on Wednesday, October 19, 2022 at 12:07:25 AM
Closed https://www.solitr.com/spider-solitaire-two-suits on Wednesday, October 19, 2022 at 2:44:21 AM
Closed https://www.solitr.com/spider-solitaire-two-suits on Wednesday, October 19, 2022 at 2:53:42 PM
Closed https://www.solitr.com/ on Wednesday, October 19, 2022 at 9:59:21 PM
Closed https://www.youtube.com/ on Saturday, October 22, 2022 at 7:22:31 AM
Closed https://www.youtube.com/watch?v=qwHxlQ46WDw on Saturday, October 22, 2022 at 3:23:53 PM
Closed https://www.youtube.com/watch?v=MptNafdF_q8&ab_channel=AndrewKlein on Sunday, October 23, 2022 at 12:36:56 AM
Closed https://www.youtube.com/channel/UCtAIbmpRsOov3zfsjH9DA8g on Sunday, October 23, 2022 at 4:48:02 PM
Closed https://www.youtube.com/watch?v=-UlxHPIEVqA&ab_channel=DomainofScience on Wednesday, October 26, 2022 at 1:28:44 PM
Closed https://www.youtube.com/watch?v=2IeSwjWiTOA&ab_channel=AmeyaJadhav on Wednesday, October 26, 2022 at 5:55:16 PM
Closed https://www.youtube.com/watch?v=eAkb2mpybnM on Saturday, October 29, 2022 at 1:57:15 PM
Closed https://www.youtube.com/watch?v=rCZkp023MdY on Saturday, October 29, 2022 at 10:06:12 PM
Closed https://www.youtube.com/channel/UChFur_NwVSbUozOcF_F2kMg on Tuesday, November 1, 2022 at 1:39:00 AM
Closed https://www.youtube.com/ on Friday, November 4, 2022 at 11:41:41 AM
Closed https://www.youtube.com/ on Friday, November 4, 2022 at 12:57:07 PM
Closed https://www.solitr.com/spider-solitaire-two-suits on Saturday, November 5, 2022 at 2:16:49 AM
Closed https://www.youtube.com/watch?v=TcxZSmzPw8k on Saturday, November 5, 2022 at 1:40:46 PM
Closed https://minesweeperonline.com/#intermediate on Saturday, November 5, 2022 at 3:18:23 PM
Closed https://www.youtube.com/watch?v=QwvYeP5pxH4 on Sunday, November 6, 2022 at 5:01:20 PM
Closed https://www.youtube.com/watch?v=AXoIDTFeuvY on Sunday, November 6, 2022 at 11:10:11 PM
Closed https://minesweeperonline.com/#beginner https://www.youtube.com/watch?v=kd11zKViVMc on Monday, November 7, 2022 at 12:27:33 AM
Closed https://www.youtube.com/ on Monday, November 7, 2022 at 12:31:38 AM
Closed https://www.google.com/search?q=snake&oq=snake&aqs=chrome..69i57j0i271l3.2843j0j1&sourceid=chrome&ie=UTF-8 on Monday, November 7, 2022 at 11:18:30 PM
Closed https://www.youtube.com/watch?v=hsFFoh5ojV4 on Tuesday, November 8, 2022 at 12:30:47 AM
Closed https://www.solitr.com/spider-solitaire-two-suits on Tuesday, November 8, 2022 at 5:10:26 PM
Closed https://www.youtube.com/watch?v=iZsK96-mASY on Wednesday, November 9, 2022 at 5:35:19 PM
Closed https://www.youtube.com/results?search_query=mumbo+jumbo on Thursday, November 10, 2022 at 1:02:38 AM
