shutdown-trigger.scpt: execution error: Calendar got an error: Connection is invalid. (-609)
shutdown-trigger.scpt: execution error: Calendar got an error: Application isn’t running. (-600)
shutdown-trigger.scpt: execution error: Calendar got an error: Connection is invalid. (-609)
shutdown-trigger.scpt: execution error: Calendar got an error: AppleEvent timed out. (-1712)
shutdown-trigger.scpt: execution error: Calendar got an error: Connection is invalid. (-609)
Shut down system on Tuesday, October 18, 2022 at 12:19:23 AM for event Gym [TRIGGER]
shutdown-trigger.scpt: execution error: Calendar got an error: Application isn’t running. (-600)
shutdown-trigger.scpt: execution error: Calendar got an error: Application isn’t running. (-600)
shutdown-trigger.scpt: execution error: Calendar got an error: Application isn’t running. (-600)
shutdown-trigger.scpt: execution error: Application isn’t running. (-600)
shutdown-trigger.scpt: execution error: Application isn’t running. (-600)
shutdown-trigger.scpt: execution error: Calendar got an error: Application isn’t running. (-600)
shutdown-trigger.scpt: execution error: Calendar got an error: Application isn’t running. (-600)
shutdown-trigger.scpt: execution error: Calendar got an error: Application isn’t running. (-600)
shutdown-trigger.scpt: execution error: Calendar got an error: Application isn’t running. (-600)
shutdown-trigger.scpt: execution error: Calendar got an error: Application isn’t running. (-600)
shutdown-trigger.scpt: execution error: Calendar got an error: Application isn’t running. (-600)
shutdown-trigger.scpt: execution error: Calendar got an error: Application isn’t running. (-600)
shutdown-trigger.scpt: execution error: Calendar got an error: Application isn’t running. (-600)
shutdown-trigger.scpt: execution error: Calendar got an error: Application isn’t running. (-600)
shutdown-trigger.scpt: execution error: Calendar got an error: Application isn’t running. (-600)
shutdown-trigger.scpt: execution error: Calendar got an error: Application isn’t running. (-600)
shutdown-trigger.scpt: execution error: Calendar got an error: Application isn’t running. (-600)
shutdown-trigger.scpt: execution error: Calendar got an error: Application isn’t running. (-600)
shutdown-trigger.scpt: execution error: Calendar got an error: Application isn’t running. (-600)
shutdown-trigger.scpt: execution error: Calendar got an error: Application isn’t running. (-600)
shutdown-trigger.scpt: execution error: Calendar got an error: Application isn’t running. (-600)
shutdown-trigger.scpt: execution error: Calendar got an error: Application isn’t running. (-600)
shutdown-trigger.scpt: execution error: Calendar got an error: Application isn’t running. (-600)
shutdown-trigger.scpt: execution error: Calendar got an error: Application isn’t running. (-600)
shutdown-trigger.scpt: execution error: Calendar got an error: Application isn’t running. (-600)
shutdown-trigger.scpt: execution error: Calendar got an error: Application isn’t running. (-600)
shutdown-trigger.scpt: execution error: Calendar got an error: Application isn’t running. (-600)
shutdown-trigger.scpt: execution error: Calendar got an error: Application isn’t running. (-600)
shutdown-trigger.scpt: execution error: Calendar got an error: Application isn’t running. (-600)
shutdown-trigger.scpt: execution error: Calendar got an error: Application isn’t running. (-600)
shutdown-trigger.scpt: execution error: Calendar got an error: Application isn’t running. (-600)
